2019-11-08 14:17:51,535 autoreload.run_with_reloader 597 INFO    => Watching for file changes with StatReloader
2019-11-08 14:28:10,772 basehttp.log_message 154 INFO    => "GET /admin HTTP/1.1" 301 0
2019-11-08 14:28:10,849 basehttp.log_message 154 INFO    => "GET /admin/ HTTP/1.1" 302 0
2019-11-08 14:28:11,066 basehttp.log_message 154 INFO    => "GET /admin/login/?next=/admin/ HTTP/1.1" 200 1823
2019-11-08 14:28:11,409 basehttp.log_message 154 INFO    => "GET /static/admin/css/responsive.css HTTP/1.1" 200 17944
2019-11-08 14:28:11,410 basehttp.log_message 154 INFO    => "GET /static/admin/css/login.css HTTP/1.1" 200 1233
2019-11-08 14:28:11,413 basehttp.log_message 154 INFO    => "GET /static/admin/css/base.css HTTP/1.1" 200 16378
2019-11-08 14:28:11,668 basehttp.log_message 154 INFO    => "GET /static/admin/css/fonts.css HTTP/1.1" 200 423
2019-11-08 14:28:11,967 basehttp.log_message 154 INFO    => "GET /static/admin/fonts/Roboto-Regular-webfont.woff HTTP/1.1" 200 85876
2019-11-08 14:28:11,968 basehttp.log_message 154 INFO    => "GET /static/admin/fonts/Roboto-Light-webfont.woff HTTP/1.1" 200 85692
2019-11-08 14:28:12,303 log.log_response 228 WARNING => Not Found: /favicon.ico
2019-11-08 14:28:12,304 basehttp.log_message 154 WARNING => "GET /favicon.ico HTTP/1.1" 404 3498
2019-11-08 14:31:32,191 basehttp.log_message 154 INFO    => "POST /admin/login/?next=/admin/ HTTP/1.1" 302 0
2019-11-08 14:31:32,245 basehttp.log_message 154 INFO    => "GET /admin/ HTTP/1.1" 200 8182
2019-11-08 14:31:32,339 basehttp.log_message 154 INFO    => "GET /static/admin/css/dashboard.css HTTP/1.1" 200 412
2019-11-08 14:31:32,555 basehttp.log_message 154 INFO    => "GET /static/admin/img/icon-changelink.svg HTTP/1.1" 200 380
2019-11-08 14:31:32,560 basehttp.log_message 154 INFO    => "GET /static/admin/img/icon-addlink.svg HTTP/1.1" 200 331
2019-11-08 14:31:32,596 basehttp.log_message 154 INFO    => "GET /static/admin/fonts/Roboto-Bold-webfont.woff HTTP/1.1" 200 86184
2019-11-08 14:31:33,430 log.log_response 228 WARNING => Not Found: /favicon.ico
2019-11-08 14:31:33,430 basehttp.log_message 154 WARNING => "GET /favicon.ico HTTP/1.1" 404 3498
2019-11-08 14:36:20,053 basehttp.log_message 154 INFO    => "GET / HTTP/1.1" 302 4
2019-11-08 14:36:20,151 basehttp.log_message 154 INFO    => "GET /menu HTTP/1.1" 200 19646
2019-11-08 14:36:20,253 basehttp.log_message 154 INFO    => "GET /static/js/main.js HTTP/1.1" 200 268
2019-11-08 14:36:20,255 basehttp.log_message 154 INFO    => "GET /static/css/style.css HTTP/1.1" 200 954
2019-11-08 14:36:20,258 basehttp.log_message 154 INFO    => "GET /static/js/menu.js HTTP/1.1" 200 157
2019-11-08 14:36:22,490 basehttp.log_message 154 INFO    => "GET /logout? HTTP/1.1" 302 7
2019-11-08 14:36:22,508 basehttp.log_message 154 INFO    => "GET /login HTTP/1.1" 200 3496
2019-11-08 14:39:27,963 basehttp.log_message 154 INFO    => "GET /signup? HTTP/1.1" 200 4376
2019-11-08 14:47:34,971 basehttp.log_message 154 INFO    => "GET /login? HTTP/1.1" 200 3496
2019-11-08 14:47:40,441 basehttp.log_message 154 INFO    => "POST /login HTTP/1.1" 302 4
2019-11-08 14:47:40,456 basehttp.log_message 154 INFO    => "GET / HTTP/1.1" 302 4
2019-11-08 14:47:40,583 basehttp.log_message 154 INFO    => "GET /menu HTTP/1.1" 200 19646
2019-11-08 14:47:41,469 log.log_response 228 WARNING => Not Found: /favicon.ico
2019-11-08 14:47:41,470 basehttp.log_message 154 WARNING => "GET /favicon.ico HTTP/1.1" 404 3498
2019-11-08 14:47:46,631 basehttp.log_message 154 INFO    => "GET /logout? HTTP/1.1" 302 7
2019-11-08 14:47:46,653 basehttp.log_message 154 INFO    => "GET /login HTTP/1.1" 200 3496
2019-11-08 14:47:51,713 basehttp.log_message 154 INFO    => "GET /admin/ HTTP/1.1" 302 0
2019-11-08 14:47:51,748 basehttp.log_message 154 INFO    => "GET /admin/login/?next=/admin/ HTTP/1.1" 200 1823
2019-11-08 14:47:56,930 basehttp.log_message 154 INFO    => "POST /admin/login/?next=/admin/ HTTP/1.1" 302 0
2019-11-08 14:47:56,971 basehttp.log_message 154 INFO    => "GET /admin/ HTTP/1.1" 200 8182
2019-11-08 14:47:57,896 log.log_response 228 WARNING => Not Found: /favicon.ico
2019-11-08 14:47:57,897 basehttp.log_message 154 WARNING => "GET /favicon.ico HTTP/1.1" 404 3498
2019-11-08 14:48:08,142 basehttp.log_message 154 INFO    => "GET /admin/orders/order/ HTTP/1.1" 200 3610
2019-11-08 14:48:08,257 basehttp.log_message 154 INFO    => "GET /static/admin/css/forms.css HTTP/1.1" 200 8518
2019-11-08 14:48:08,258 basehttp.log_message 154 INFO    => "GET /admin/jsi18n/ HTTP/1.1" 200 3223
2019-11-08 14:48:08,263 basehttp.log_message 154 INFO    => "GET /static/admin/js/jquery.init.js HTTP/1.1" 200 363
2019-11-08 14:48:08,264 basehttp.log_message 154 INFO    => "GET /static/admin/js/core.js HTTP/1.1" 200 7099
2019-11-08 14:48:08,270 basehttp.log_message 154 INFO    => "GET /static/admin/js/admin/RelatedObjectLookups.js HTTP/1.1" 200 6918
2019-11-08 14:48:08,271 basehttp.log_message 154 INFO    => "GET /static/admin/js/actions.js HTTP/1.1" 200 6766
2019-11-08 14:48:08,272 basehttp.log_message 154 INFO    => "GET /static/admin/js/vendor/jquery/jquery.js HTTP/1.1" 200 271817
2019-11-08 14:48:08,281 basehttp.log_message 154 INFO    => "GET /static/admin/js/prepopulate.js HTTP/1.1" 200 1530
2019-11-08 14:48:08,282 basehttp.log_message 154 INFO    => "GET /static/admin/js/urlify.js HTTP/1.1" 200 8941
2019-11-08 14:48:08,284 basehttp.log_message 154 INFO    => "GET /static/admin/js/vendor/xregexp/xregexp.js HTTP/1.1" 200 128820
2019-11-08 14:48:08,307 basehttp.log_message 154 INFO    => "GET /static/admin/css/changelists.css HTTP/1.1" 200 6170
2019-11-08 14:48:08,515 basehttp.log_message 154 INFO    => "GET /static/admin/css/widgets.css HTTP/1.1" 200 10340
2019-11-08 14:48:08,605 basehttp.log_message 154 INFO    => "GET /static/admin/img/tooltag-add.svg HTTP/1.1" 200 331
2019-11-08 14:48:10,722 basehttp.log_message 154 INFO    => "GET /admin/ HTTP/1.1" 200 8182
2019-11-08 14:48:14,027 basehttp.log_message 154 INFO    => "GET /admin/orders/product/ HTTP/1.1" 200 83700
2019-11-08 14:48:14,175 basehttp.log_message 154 INFO    => "GET /admin/jsi18n/ HTTP/1.1" 200 3223
2019-11-08 14:52:44,161 basehttp.log_message 154 INFO    => "GET / HTTP/1.1" 302 4
2019-11-08 14:52:44,252 basehttp.log_message 154 INFO    => "GET /menu HTTP/1.1" 200 19646
2019-11-08 14:52:46,903 basehttp.log_message 154 INFO    => "GET /logout? HTTP/1.1" 302 7
2019-11-08 14:52:46,927 basehttp.log_message 154 INFO    => "GET /login HTTP/1.1" 200 3496
2019-11-08 14:52:50,370 basehttp.log_message 154 INFO    => "POST /login HTTP/1.1" 302 4
2019-11-08 14:52:50,385 basehttp.log_message 154 INFO    => "GET / HTTP/1.1" 302 4
2019-11-08 14:52:50,468 basehttp.log_message 154 INFO    => "GET /menu HTTP/1.1" 200 19646
2019-11-08 14:52:51,417 log.log_response 228 WARNING => Not Found: /favicon.ico
2019-11-08 14:52:51,418 basehttp.log_message 154 WARNING => "GET /favicon.ico HTTP/1.1" 404 3498
2019-11-08 14:55:08,094 basehttp.log_message 154 INFO    => "GET /menu HTTP/1.1" 200 19646
2019-11-08 14:55:08,205 basehttp.log_message 154 INFO    => "GET /static/js/menu.js HTTP/1.1" 200 157
2019-11-08 14:55:08,208 basehttp.log_message 154 INFO    => "GET /static/css/style.css HTTP/1.1" 200 954
2019-11-08 14:55:08,218 basehttp.log_message 154 INFO    => "GET /static/js/main.js HTTP/1.1" 200 268
2019-11-08 14:55:11,177 log.log_response 228 WARNING => Not Found: /favicon.ico
2019-11-08 14:55:11,178 basehttp.log_message 154 WARNING => "GET /favicon.ico HTTP/1.1" 404 3498
2019-11-08 14:57:03,893 basehttp.log_message 154 INFO    => "GET /pick/5 HTTP/1.1" 200 8298
2019-11-08 14:57:03,977 basehttp.log_message 154 INFO    => "GET /static/js/pick_product.js HTTP/1.1" 200 1560
2019-11-08 14:58:14,491 basehttp.log_message 154 INFO    => "GET /pick/8 HTTP/1.1" 200 8298
2019-11-08 14:59:05,221 basehttp.log_message 154 INFO    => "GET /pick/6 HTTP/1.1" 200 8298
2019-11-08 14:59:46,516 basehttp.log_message 154 INFO    => "POST /pick/6 HTTP/1.1" 302 0
2019-11-08 14:59:46,549 basehttp.log_message 154 INFO    => "GET /cart HTTP/1.1" 200 6593
2019-11-08 14:59:46,624 basehttp.log_message 154 INFO    => "GET /static/js/cart.js HTTP/1.1" 200 1875
2019-11-08 15:00:32,699 basehttp.log_message 154 INFO    => "GET /cart HTTP/1.1" 200 6593
2019-11-08 15:00:38,786 basehttp.log_message 154 INFO    => "GET /menu HTTP/1.1" 200 19646
2019-11-08 15:00:46,361 basehttp.log_message 154 INFO    => "GET /pick/15 HTTP/1.1" 200 8297
2019-11-08 15:00:53,563 basehttp.log_message 154 INFO    => "POST /pick/15 HTTP/1.1" 302 0
2019-11-08 15:00:53,609 basehttp.log_message 154 INFO    => "GET /cart HTTP/1.1" 200 8603
2019-11-08 15:01:37,450 basehttp.log_message 154 INFO    => "POST /cart HTTP/1.1" 200 5755
2019-11-08 15:01:37,541 basehttp.log_message 154 INFO    => "GET /static/js/orders.js HTTP/1.1" 200 2988
2019-11-08 15:02:28,699 basehttp.log_message 154 INFO    => "GET /order/1 HTTP/1.1" 200 7637
2019-11-08 15:02:28,791 basehttp.log_message 154 INFO    => "GET /static/js/order.js HTTP/1.1" 200 1180
2019-11-08 15:03:30,452 basehttp.log_message 154 INFO    => "POST /order/1 HTTP/1.1" 200 8014
2019-11-08 15:03:35,442 basehttp.log_message 154 INFO    => "GET /orders HTTP/1.1" 200 5885
2019-11-08 15:05:13,809 basehttp.log_message 154 INFO    => "GET /cart HTTP/1.1" 200 6593
2019-11-08 15:05:17,539 basehttp.log_message 154 INFO    => "POST /cart HTTP/1.1" 200 7129
2019-11-08 15:05:26,690 log.log_response 228 WARNING => Not Found: /orders
2019-11-08 15:05:26,691 basehttp.log_message 154 WARNING => "POST /orders HTTP/1.1" 404 1727
2019-11-08 15:06:03,054 basehttp.log_message 154 INFO    => "GET /orders HTTP/1.1" 200 7129
2019-11-08 21:34:37,935 log.log_response 228 WARNING => Not Found: /favicon.ico
2019-11-08 21:34:37,936 basehttp.log_message 154 WARNING => "GET /favicon.ico HTTP/1.1" 404 3498
2019-11-16 01:02:24,438 autoreload.run_with_reloader 597 INFO    => Watching for file changes with StatReloader
2019-11-16 01:15:04,433 basehttp.log_message 154 INFO    => "GET / HTTP/1.1" 302 4
2019-11-16 01:15:04,544 basehttp.log_message 154 INFO    => "GET /menu HTTP/1.1" 200 19646
2019-11-16 01:15:04,754 basehttp.log_message 154 INFO    => "GET /static/js/menu.js HTTP/1.1" 304 0
2019-11-16 01:15:04,755 basehttp.log_message 154 INFO    => "GET /static/js/main.js HTTP/1.1" 304 0
2019-11-16 01:15:04,756 basehttp.log_message 154 INFO    => "GET /static/css/style.css HTTP/1.1" 304 0
2019-11-16 01:15:05,594 log.log_response 228 WARNING => Not Found: /favicon.ico
2019-11-16 01:15:05,595 basehttp.log_message 154 WARNING => "GET /favicon.ico HTTP/1.1" 404 3498
2019-11-16 01:16:16,774 basehttp.log_message 154 INFO    => "GET /pick/1 HTTP/1.1" 200 2039
2019-11-16 01:16:16,931 basehttp.log_message 154 INFO    => "GET /static/js/pick_product.js HTTP/1.1" 304 0
2019-11-16 01:17:04,143 basehttp.log_message 154 INFO    => "GET /logout? HTTP/1.1" 302 7
2019-11-16 01:17:04,191 basehttp.log_message 154 INFO    => "GET /login HTTP/1.1" 200 3496
2019-11-16 01:17:36,085 basehttp.log_message 154 INFO    => "POST /login HTTP/1.1" 200 3727
2019-11-16 01:17:44,968 basehttp.log_message 154 INFO    => "POST /login HTTP/1.1" 302 4
2019-11-16 01:17:44,988 basehttp.log_message 154 INFO    => "GET / HTTP/1.1" 302 4
2019-11-16 01:17:45,119 basehttp.log_message 154 INFO    => "GET /menu HTTP/1.1" 200 19646
2019-11-16 01:17:46,727 log.log_response 228 WARNING => Not Found: /favicon.ico
2019-11-16 01:17:46,728 basehttp.log_message 154 WARNING => "GET /favicon.ico HTTP/1.1" 404 3498
2019-11-16 01:17:50,948 basehttp.log_message 154 INFO    => "GET /logout? HTTP/1.1" 302 7
2019-11-16 01:17:50,983 basehttp.log_message 154 INFO    => "GET /login HTTP/1.1" 200 3496
2019-11-16 01:17:52,934 basehttp.log_message 154 INFO    => "GET /signup? HTTP/1.1" 200 4376
2019-11-16 01:18:14,341 basehttp.log_message 154 INFO    => "POST /signup HTTP/1.1" 200 3741
2019-11-16 01:18:22,811 basehttp.log_message 154 INFO    => "POST /login HTTP/1.1" 302 4
2019-11-16 01:18:22,830 basehttp.log_message 154 INFO    => "GET / HTTP/1.1" 302 4
2019-11-16 01:18:22,959 basehttp.log_message 154 INFO    => "GET /menu HTTP/1.1" 200 19646
2019-11-16 01:18:24,314 log.log_response 228 WARNING => Not Found: /favicon.ico
2019-11-16 01:18:24,315 basehttp.log_message 154 WARNING => "GET /favicon.ico HTTP/1.1" 404 3498
2019-11-16 01:18:34,770 basehttp.log_message 154 INFO    => "GET /pick/3 HTTP/1.1" 200 8297
2019-11-16 01:18:48,467 basehttp.log_message 154 INFO    => "POST /pick/3 HTTP/1.1" 302 0
2019-11-16 01:18:48,666 basehttp.log_message 154 INFO    => "GET /cart HTTP/1.1" 200 6068
2019-11-16 01:18:48,770 basehttp.log_message 154 INFO    => "GET /static/js/cart.js HTTP/1.1" 304 0
2019-11-16 01:18:53,749 basehttp.log_message 154 INFO    => "GET /menu HTTP/1.1" 200 19646
2019-11-16 01:19:00,384 basehttp.log_message 154 INFO    => "GET /pick/17 HTTP/1.1" 200 8297
2019-11-16 01:19:07,930 basehttp.log_message 154 INFO    => "POST /pick/17 HTTP/1.1" 302 0
2019-11-16 01:19:08,025 basehttp.log_message 154 INFO    => "GET /cart HTTP/1.1" 200 10102
2019-11-16 01:19:59,051 basehttp.log_message 154 INFO    => "GET /cart HTTP/1.1" 200 10102
2019-11-16 01:20:31,689 basehttp.log_message 154 INFO    => "GET /orders HTTP/1.1" 200 3547
2019-11-16 01:20:31,840 basehttp.log_message 154 INFO    => "GET /static/js/orders.js HTTP/1.1" 304 0
2019-11-16 01:20:33,786 basehttp.log_message 154 INFO    => "GET /cart HTTP/1.1" 200 10102
2019-11-16 01:20:55,394 basehttp.log_message 154 INFO    => "GET /cart HTTP/1.1" 200 10102
2019-11-16 01:21:07,307 basehttp.log_message 154 INFO    => "GET /cart HTTP/1.1" 200 10102
2019-11-16 01:21:07,412 basehttp.log_message 154 INFO    => "GET /static/css/style.css HTTP/1.1" 200 954
2019-11-16 01:21:07,422 basehttp.log_message 154 INFO    => "GET /static/js/cart.js HTTP/1.1" 200 1875
2019-11-16 01:21:07,424 basehttp.log_message 154 INFO    => "GET /static/js/main.js HTTP/1.1" 200 268
2019-11-16 01:21:08,829 log.log_response 228 WARNING => Not Found: /favicon.ico
2019-11-16 01:21:08,830 basehttp.log_message 154 WARNING => "GET /favicon.ico HTTP/1.1" 404 3498
2019-11-16 01:22:21,065 basehttp.log_message 154 INFO    => "GET /menu HTTP/1.1" 200 19646
2019-11-16 01:22:26,828 basehttp.log_message 154 INFO    => "GET /cart HTTP/1.1" 200 10102
2019-11-16 01:24:28,909 basehttp.log_message 154 INFO    => "GET /cart HTTP/1.1" 200 10100
2019-11-16 01:24:29,018 basehttp.log_message 154 INFO    => "GET /static/js/main.js HTTP/1.1" 200 268
2019-11-16 01:24:29,019 basehttp.log_message 154 INFO    => "GET /static/js/cart.js HTTP/1.1" 200 1875
2019-11-16 01:24:29,044 basehttp.log_message 154 INFO    => "GET /static/css/style.css HTTP/1.1" 200 954
2019-11-16 01:24:29,842 log.log_response 228 WARNING => Not Found: /favicon.ico
2019-11-16 01:24:29,843 basehttp.log_message 154 WARNING => "GET /favicon.ico HTTP/1.1" 404 3498
2019-11-16 01:24:42,581 basehttp.log_message 154 INFO    => "POST /cart HTTP/1.1" 200 4322
2019-11-16 01:24:44,698 basehttp.log_message 154 INFO    => "GET /menu HTTP/1.1" 200 19646
2019-11-16 01:24:46,728 basehttp.log_message 154 INFO    => "GET /pick/3 HTTP/1.1" 200 8297
2019-11-16 01:24:50,854 basehttp.log_message 154 INFO    => "POST /pick/3 HTTP/1.1" 302 0
2019-11-16 01:24:50,896 basehttp.log_message 154 INFO    => "GET /cart HTTP/1.1" 200 6064
2019-11-16 01:24:54,360 basehttp.log_message 154 INFO    => "GET /cart HTTP/1.1" 200 6064
2019-11-16 01:24:57,027 basehttp.log_message 154 INFO    => "GET /menu HTTP/1.1" 200 19646
2019-11-16 01:24:58,841 basehttp.log_message 154 INFO    => "GET /pick/8 HTTP/1.1" 200 8298
2019-11-16 01:25:03,915 basehttp.log_message 154 INFO    => "POST /pick/8 HTTP/1.1" 302 0
2019-11-16 01:25:03,975 basehttp.log_message 154 INFO    => "GET /cart HTTP/1.1" 200 8083
2019-11-16 01:25:07,534 basehttp.log_message 154 INFO    => "GET /cart HTTP/1.1" 200 8083
2019-11-16 01:25:10,380 basehttp.log_message 154 INFO    => "GET /cart HTTP/1.1" 200 8083
2019-11-16 01:25:26,499 basehttp.log_message 154 INFO    => "GET /logout? HTTP/1.1" 302 7
2019-11-16 01:25:26,519 basehttp.log_message 154 INFO    => "GET /login HTTP/1.1" 200 3496
2019-11-16 01:27:13,225 basehttp.log_message 154 INFO    => "POST /login HTTP/1.1" 302 4
2019-11-16 01:27:13,245 basehttp.log_message 154 INFO    => "GET / HTTP/1.1" 302 4
2019-11-16 01:27:13,405 basehttp.log_message 154 INFO    => "GET /menu HTTP/1.1" 200 19646
2019-11-16 01:27:15,489 log.log_response 228 WARNING => Not Found: /favicon.ico
2019-11-16 01:27:15,490 basehttp.log_message 154 WARNING => "GET /favicon.ico HTTP/1.1" 404 3498
2019-11-16 01:27:28,610 basehttp.log_message 154 INFO    => "GET /logout? HTTP/1.1" 302 7
2019-11-16 01:27:28,644 basehttp.log_message 154 INFO    => "GET /login HTTP/1.1" 200 3496
2019-11-16 01:27:30,918 basehttp.log_message 154 INFO    => "GET /signup? HTTP/1.1" 200 4376
2019-11-16 01:27:54,061 basehttp.log_message 154 INFO    => "POST /signup HTTP/1.1" 200 3741
2019-11-16 01:28:00,219 basehttp.log_message 154 INFO    => "POST /login HTTP/1.1" 302 4
2019-11-16 01:28:00,240 basehttp.log_message 154 INFO    => "GET / HTTP/1.1" 302 4
2019-11-16 01:28:00,433 basehttp.log_message 154 INFO    => "GET /menu HTTP/1.1" 200 19646
2019-11-16 01:28:01,816 log.log_response 228 WARNING => Not Found: /favicon.ico
2019-11-16 01:28:01,817 basehttp.log_message 154 WARNING => "GET /favicon.ico HTTP/1.1" 404 3498
2019-11-16 01:28:06,379 basehttp.log_message 154 INFO    => "GET /pick/1 HTTP/1.1" 200 2039
2019-11-16 01:28:08,762 basehttp.log_message 154 INFO    => "POST /pick/1 HTTP/1.1" 302 0
2019-11-16 01:28:08,799 basehttp.log_message 154 INFO    => "GET /cart HTTP/1.1" 200 5509
2019-11-16 01:28:14,207 basehttp.log_message 154 INFO    => "GET /pick/8 HTTP/1.1" 200 8298
2019-11-16 01:28:21,948 basehttp.log_message 154 INFO    => "POST /pick/8 HTTP/1.1" 302 0
2019-11-16 01:28:22,051 basehttp.log_message 154 INFO    => "GET /cart HTTP/1.1" 200 7528
2019-11-16 01:28:29,175 basehttp.log_message 154 INFO    => "GET /pick/53 HTTP/1.1" 200 2037
2019-11-16 01:28:30,711 basehttp.log_message 154 INFO    => "POST /pick/53 HTTP/1.1" 302 0
2019-11-16 01:28:30,779 basehttp.log_message 154 INFO    => "GET /cart HTTP/1.1" 200 8463
2019-11-16 01:28:36,751 basehttp.log_message 154 INFO    => "GET /pick/63 HTTP/1.1" 200 2046
2019-11-16 01:28:39,350 basehttp.log_message 154 INFO    => "POST /pick/63 HTTP/1.1" 302 0
2019-11-16 01:28:39,411 basehttp.log_message 154 INFO    => "GET /cart HTTP/1.1" 200 9408
2019-11-16 01:28:43,601 basehttp.log_message 154 INFO    => "GET /cart HTTP/1.1" 200 9408
2019-11-16 01:28:48,531 basehttp.log_message 154 INFO    => "POST /cart HTTP/1.1" 200 9617
2019-11-16 01:29:01,787 basehttp.log_message 154 INFO    => "POST /cart HTTP/1.1" 200 5755
2019-11-16 01:29:04,982 basehttp.log_message 154 INFO    => "GET /order/3 HTTP/1.1" 200 9418
2019-11-16 01:29:05,098 basehttp.log_message 154 INFO    => "GET /static/js/order.js HTTP/1.1" 304 0
2019-11-16 01:29:13,507 basehttp.log_message 154 INFO    => "GET /orders HTTP/1.1" 200 5755
2019-11-16 01:29:27,342 basehttp.log_message 154 INFO    => "POST /orders HTTP/1.1" 200 6099
2019-11-16 01:29:33,836 basehttp.log_message 154 INFO    => "GET /cart HTTP/1.1" 200 5509
2019-11-16 01:29:38,473 basehttp.log_message 154 INFO    => "POST /cart HTTP/1.1" 200 7129
2019-11-16 01:29:47,213 basehttp.log_message 154 INFO    => "POST /orders HTTP/1.1" 200 6099
2019-11-16 01:29:51,008 basehttp.log_message 154 INFO    => "GET /cart HTTP/1.1" 200 4113
2019-11-16 01:29:53,585 basehttp.log_message 154 INFO    => "GET /menu HTTP/1.1" 200 19646
2019-11-16 01:29:59,008 basehttp.log_message 154 INFO    => "GET /admin/ HTTP/1.1" 302 0
2019-11-16 01:29:59,108 basehttp.log_message 154 INFO    => "GET /admin/login/?next=/admin/ HTTP/1.1" 200 1975
2019-11-16 01:29:59,222 basehttp.log_message 154 INFO    => "GET /static/admin/css/base.css HTTP/1.1" 200 16378
2019-11-16 01:29:59,277 basehttp.log_message 154 INFO    => "GET /static/admin/css/login.css HTTP/1.1" 304 0
2019-11-16 01:29:59,295 basehttp.log_message 154 INFO    => "GET /static/admin/css/responsive.css HTTP/1.1" 200 17944
2019-11-16 01:29:59,405 basehttp.log_message 154 INFO    => "GET /static/admin/css/fonts.css HTTP/1.1" 304 0
2019-11-16 01:29:59,719 basehttp.log_message 154 INFO    => "GET /static/admin/fonts/Roboto-Bold-webfont.woff HTTP/1.1" 200 86184
2019-11-16 01:29:59,720 basehttp.log_message 154 INFO    => "GET /static/admin/fonts/Roboto-Regular-webfont.woff HTTP/1.1" 200 85876
2019-11-16 01:29:59,723 basehttp.log_message 154 INFO    => "GET /static/admin/fonts/Roboto-Light-webfont.woff HTTP/1.1" 200 85692
2019-11-16 01:30:06,970 basehttp.log_message 154 INFO    => "POST /admin/login/?next=/admin/ HTTP/1.1" 302 0
2019-11-16 01:30:07,037 basehttp.log_message 154 INFO    => "GET /admin/ HTTP/1.1" 200 8182
2019-11-16 01:30:07,144 basehttp.log_message 154 INFO    => "GET /static/admin/css/dashboard.css HTTP/1.1" 304 0
2019-11-16 01:30:07,344 basehttp.log_message 154 INFO    => "GET /static/admin/img/icon-addlink.svg HTTP/1.1" 304 0
2019-11-16 01:30:07,349 basehttp.log_message 154 INFO    => "GET /static/admin/img/icon-changelink.svg HTTP/1.1" 304 0
2019-11-16 01:30:08,278 log.log_response 228 WARNING => Not Found: /favicon.ico
2019-11-16 01:30:08,279 basehttp.log_message 154 WARNING => "GET /favicon.ico HTTP/1.1" 404 3498
2019-11-16 01:30:17,480 basehttp.log_message 154 INFO    => "GET /admin/orders/category/ HTTP/1.1" 200 5483
2019-11-16 01:30:17,636 basehttp.log_message 154 INFO    => "GET /admin/jsi18n/ HTTP/1.1" 200 3223
2019-11-16 01:30:17,644 basehttp.log_message 154 INFO    => "GET /static/admin/css/changelists.css HTTP/1.1" 304 0
2019-11-16 01:30:17,647 basehttp.log_message 154 INFO    => "GET /static/admin/js/admin/RelatedObjectLookups.js HTTP/1.1" 304 0
2019-11-16 01:30:17,648 basehttp.log_message 154 INFO    => "GET /static/admin/js/core.js HTTP/1.1" 304 0
2019-11-16 01:30:17,653 basehttp.log_message 154 INFO    => "GET /static/admin/js/jquery.init.js HTTP/1.1" 304 0
2019-11-16 01:30:17,666 basehttp.log_message 154 INFO    => "GET /static/admin/js/actions.js HTTP/1.1" 304 0
2019-11-16 01:30:17,668 basehttp.log_message 154 INFO    => "GET /static/admin/js/prepopulate.js HTTP/1.1" 304 0
2019-11-16 01:30:17,670 basehttp.log_message 154 INFO    => "GET /static/admin/js/vendor/jquery/jquery.js HTTP/1.1" 200 271817
2019-11-16 01:30:17,667 basehttp.log_message 154 INFO    => "GET /static/admin/js/urlify.js HTTP/1.1" 200 8941
2019-11-16 01:30:17,679 basehttp.log_message 154 INFO    => "GET /static/admin/js/vendor/xregexp/xregexp.js HTTP/1.1" 200 128820
2019-11-16 01:30:17,970 basehttp.log_message 154 INFO    => "GET /static/admin/img/tooltag-add.svg HTTP/1.1" 304 0
2019-11-16 01:30:22,491 basehttp.log_message 154 INFO    => "GET /admin/orders/category/6/change/ HTTP/1.1" 200 4237
2019-11-16 01:30:22,605 basehttp.log_message 154 INFO    => "GET /static/admin/js/prepopulate_init.js HTTP/1.1" 200 495
2019-11-16 01:30:22,614 basehttp.log_message 154 INFO    => "GET /admin/jsi18n/ HTTP/1.1" 200 3223
2019-11-16 01:30:22,616 basehttp.log_message 154 INFO    => "GET /static/admin/css/forms.css HTTP/1.1" 200 8518
2019-11-16 01:30:22,618 basehttp.log_message 154 INFO    => "GET /static/admin/js/change_form.js HTTP/1.1" 200 712
2019-11-16 01:30:22,760 basehttp.log_message 154 INFO    => "GET /static/admin/css/widgets.css HTTP/1.1" 200 10340
2019-11-16 01:30:27,838 basehttp.log_message 154 INFO    => "GET /admin/orders/ HTTP/1.1" 200 4197
2019-11-16 01:30:30,684 basehttp.log_message 154 INFO    => "GET /admin/orders/order/ HTTP/1.1" 200 8046
2019-11-16 01:30:30,828 basehttp.log_message 154 INFO    => "GET /admin/jsi18n/ HTTP/1.1" 200 3223
2019-11-16 01:30:34,071 basehttp.log_message 154 INFO    => "GET /admin/orders/order/3/change/ HTTP/1.1" 200 10945
2019-11-16 01:30:34,178 basehttp.log_message 154 INFO    => "GET /admin/jsi18n/ HTTP/1.1" 200 3223
2019-11-16 01:30:34,179 basehttp.log_message 154 INFO    => "GET /static/admin/js/inlines.js HTTP/1.1" 200 13773
2019-11-16 01:30:41,835 basehttp.log_message 154 INFO    => "GET /admin/orders/ HTTP/1.1" 200 4197
2019-11-16 01:30:48,332 basehttp.log_message 154 INFO    => "GET /admin/orders/product/ HTTP/1.1" 200 83700
2019-11-16 01:30:48,465 basehttp.log_message 154 INFO    => "GET /admin/jsi18n/ HTTP/1.1" 200 3223
2019-11-16 01:30:59,520 basehttp.log_message 154 INFO    => "GET /admin/orders/ HTTP/1.1" 200 4197
2019-11-16 01:31:03,441 basehttp.log_message 154 INFO    => "GET /admin/orders/topping/ HTTP/1.1" 200 12567
2019-11-16 01:31:03,638 basehttp.log_message 154 INFO    => "GET /admin/jsi18n/ HTTP/1.1" 200 3223
2019-11-16 01:31:09,569 basehttp.log_message 154 INFO    => "GET /admin/orders/topping/18/change/ HTTP/1.1" 200 4694
2019-11-16 01:31:09,710 basehttp.log_message 154 INFO    => "GET /admin/jsi18n/ HTTP/1.1" 200 3223
2019-11-16 01:31:13,161 basehttp.log_message 154 INFO    => "GET /admin/orders/ HTTP/1.1" 200 4197
2019-11-16 01:31:21,596 basehttp.log_message 154 INFO    => "GET /admin/orders/addition/ HTTP/1.1" 200 10398
2019-11-16 01:31:21,777 basehttp.log_message 154 INFO    => "GET /admin/jsi18n/ HTTP/1.1" 200 3223
2019-11-16 01:31:28,574 basehttp.log_message 154 INFO    => "GET /admin/orders/ HTTP/1.1" 200 4197
2019-11-16 01:31:31,525 basehttp.log_message 154 INFO    => "GET /admin/orders/order/ HTTP/1.1" 200 8046
2019-11-16 01:31:31,666 basehttp.log_message 154 INFO    => "GET /admin/jsi18n/ HTTP/1.1" 200 3223
2019-11-16 01:31:36,325 basehttp.log_message 154 INFO    => "GET /admin/orders/order/3/change/ HTTP/1.1" 200 10945
2019-11-16 01:31:36,555 basehttp.log_message 154 INFO    => "GET /admin/jsi18n/ HTTP/1.1" 200 3223
2019-11-16 01:51:18,193 basehttp.log_message 154 INFO    => "GET / HTTP/1.1" 302 4
2019-11-16 01:51:18,285 basehttp.log_message 154 INFO    => "GET /menu HTTP/1.1" 200 19646
2019-11-16 01:51:21,136 basehttp.log_message 154 INFO    => "GET /logout? HTTP/1.1" 302 7
2019-11-16 01:51:21,161 basehttp.log_message 154 INFO    => "GET /login HTTP/1.1" 200 3496
2019-11-16 01:51:26,639 basehttp.log_message 154 INFO    => "POST /login HTTP/1.1" 302 4
2019-11-16 01:51:26,654 basehttp.log_message 154 INFO    => "GET / HTTP/1.1" 302 4
2019-11-16 01:51:26,741 basehttp.log_message 154 INFO    => "GET /menu HTTP/1.1" 200 19646
2019-11-16 01:51:27,751 log.log_response 228 WARNING => Not Found: /favicon.ico
2019-11-16 01:51:27,753 basehttp.log_message 154 WARNING => "GET /favicon.ico HTTP/1.1" 404 3498
2019-11-16 01:51:34,308 basehttp.log_message 154 INFO    => "GET /pick/12 HTTP/1.1" 200 2041
2019-11-16 01:51:35,693 basehttp.log_message 154 INFO    => "POST /pick/12 HTTP/1.1" 302 0
2019-11-16 01:51:35,720 basehttp.log_message 154 INFO    => "GET /cart HTTP/1.1" 200 5510
2019-11-16 01:51:40,977 basehttp.log_message 154 INFO    => "GET /cart HTTP/1.1" 200 5510
2019-11-16 01:51:45,533 basehttp.log_message 154 INFO    => "GET /menu HTTP/1.1" 200 19646
2019-11-16 01:51:48,353 basehttp.log_message 154 INFO    => "GET /pick/4 HTTP/1.1" 200 8297
2019-11-16 01:51:51,329 basehttp.log_message 154 INFO    => "POST /pick/4 HTTP/1.1" 302 0
2019-11-16 01:51:51,364 basehttp.log_message 154 INFO    => "GET /cart HTTP/1.1" 200 7006
2019-11-16 01:51:55,901 basehttp.log_message 154 INFO    => "GET /orders HTTP/1.1" 200 5885
2019-11-16 01:51:57,089 basehttp.log_message 154 INFO    => "GET /cart HTTP/1.1" 200 7006
2019-11-16 01:51:59,968 basehttp.log_message 154 INFO    => "POST /cart HTTP/1.1" 200 7129
2019-11-16 01:52:01,668 basehttp.log_message 154 INFO    => "GET /cart HTTP/1.1" 200 6066
2019-11-16 01:52:03,961 basehttp.log_message 154 INFO    => "POST /cart HTTP/1.1" 200 8373
2019-11-16 01:52:38,774 log.log_response 228 WARNING => Not Found: /orders
2019-11-16 01:52:38,775 basehttp.log_message 154 WARNING => "POST /orders HTTP/1.1" 404 1727
2019-11-16 01:53:21,736 basehttp.log_message 154 INFO    => "GET /orders HTTP/1.1" 200 8373
2019-11-16 01:53:28,730 basehttp.log_message 154 INFO    => "POST /orders HTTP/1.1" 200 8847
